<?xml version="1.0" encoding="UTF-8"?>
<!-- Generated by org.testng.reporters.JUnitReportReporter -->
<testsuite hostname="DESKTOP-AFEKMFB" failures="0" tests="1" name="TestRunner.Run" time="18.211" errors="0" timestamp="2022-12-22T12:10:13 IST" skipped="0">
  <testcase classname="TestRunner.Run" name="runScenario" time="18.211"/>
  <system-out/>
</testsuite> <!-- TestRunner.Run -->
